[INFO]-[2020/01/04 06:53:52] Cloning: 1578120831968's clone job's data is not in database, generating data
[INFO]-[2020/01/04 06:53:52] Cloning: 1578120831968's clone job's data is not in database, generating data
[INFO]-[2020/01/04 06:53:52] DB Copy: Creating table wpstg0_commentmeta
[INFO]-[2020/01/04 06:53:52] DB Copy: Creating table wpstg0_commentmeta
[INFO]-[2020/01/04 06:53:53] DB Copy: Creating table wpstg0_comments
[INFO]-[2020/01/04 06:53:53] DB Copy: wp_comments as wpstg0_comments from 0 to 10000 records
[INFO]-[2020/01/04 06:53:53] DB Copy: Creating table wpstg0_comments
[INFO]-[2020/01/04 06:53:53] DB Copy: wp_comments as wpstg0_comments from 0 to 10000 records
[INFO]-[2020/01/04 06:53:53] DB Copy: Creating table wpstg0_links
[INFO]-[2020/01/04 06:53:53] DB Copy: Creating table wpstg0_links
[INFO]-[2020/01/04 06:53:54] DB Copy: Creating table wpstg0_options
[INFO]-[2020/01/04 06:53:54] DB Copy: wp_options as wpstg0_options from 0 to 10000 records
[INFO]-[2020/01/04 06:53:54] DB Copy: Creating table wpstg0_options
[INFO]-[2020/01/04 06:53:54] DB Copy: wp_options as wpstg0_options from 0 to 10000 records
[INFO]-[2020/01/04 06:53:55] DB Copy: Creating table wpstg0_ph_members
[INFO]-[2020/01/04 06:53:55] DB Copy: wp_ph_members as wpstg0_ph_members from 0 to 10000 records
[INFO]-[2020/01/04 06:53:55] DB Copy: Creating table wpstg0_ph_members
[INFO]-[2020/01/04 06:53:55] DB Copy: wp_ph_members as wpstg0_ph_members from 0 to 10000 records
[INFO]-[2020/01/04 06:53:55] DB Copy: Creating table wpstg0_ph_thread_members
[INFO]-[2020/01/04 06:53:55] DB Copy: Creating table wpstg0_ph_thread_members
[INFO]-[2020/01/04 06:53:56] DB Copy: Creating table wpstg0_postmeta
[INFO]-[2020/01/04 06:53:56] DB Copy: wp_postmeta as wpstg0_postmeta from 0 to 10000 records
[INFO]-[2020/01/04 06:53:56] DB Copy: Creating table wpstg0_postmeta
[INFO]-[2020/01/04 06:53:56] DB Copy: wp_postmeta as wpstg0_postmeta from 0 to 10000 records
[INFO]-[2020/01/04 06:53:56] DB Copy: Creating table wpstg0_posts
[INFO]-[2020/01/04 06:53:56] DB Copy: wp_posts as wpstg0_posts from 0 to 10000 records
[INFO]-[2020/01/04 06:53:56] DB Copy: Creating table wpstg0_posts
[INFO]-[2020/01/04 06:53:56] DB Copy: wp_posts as wpstg0_posts from 0 to 10000 records
[INFO]-[2020/01/04 06:53:57] DB Copy: Creating table wpstg0_sm_sessions
[INFO]-[2020/01/04 06:53:57] DB Copy: wp_sm_sessions as wpstg0_sm_sessions from 0 to 10000 records
[INFO]-[2020/01/04 06:53:57] DB Copy: Creating table wpstg0_sm_sessions
[INFO]-[2020/01/04 06:53:57] DB Copy: wp_sm_sessions as wpstg0_sm_sessions from 0 to 10000 records
[INFO]-[2020/01/04 06:53:57] DB Copy: Creating table wpstg0_term_relationships
[INFO]-[2020/01/04 06:53:57] DB Copy: wp_term_relationships as wpstg0_term_relationships from 0 to 10000 records
[INFO]-[2020/01/04 06:53:57] DB Copy: Creating table wpstg0_term_relationships
[INFO]-[2020/01/04 06:53:57] DB Copy: wp_term_relationships as wpstg0_term_relationships from 0 to 10000 records
[INFO]-[2020/01/04 06:53:58] DB Copy: Creating table wpstg0_term_taxonomy
[INFO]-[2020/01/04 06:53:58] DB Copy: wp_term_taxonomy as wpstg0_term_taxonomy from 0 to 10000 records
[INFO]-[2020/01/04 06:53:58] DB Copy: Creating table wpstg0_term_taxonomy
[INFO]-[2020/01/04 06:53:58] DB Copy: wp_term_taxonomy as wpstg0_term_taxonomy from 0 to 10000 records
[INFO]-[2020/01/04 06:53:58] DB Copy: Creating table wpstg0_termmeta
[INFO]-[2020/01/04 06:53:58] DB Copy: Creating table wpstg0_termmeta
[INFO]-[2020/01/04 06:53:59] DB Copy: Creating table wpstg0_terms
[INFO]-[2020/01/04 06:53:59] DB Copy: wp_terms as wpstg0_terms from 0 to 10000 records
[INFO]-[2020/01/04 06:53:59] DB Copy: Creating table wpstg0_terms
[INFO]-[2020/01/04 06:53:59] DB Copy: wp_terms as wpstg0_terms from 0 to 10000 records
[INFO]-[2020/01/04 06:54:00] DB Copy: Creating table wpstg0_usermeta
[INFO]-[2020/01/04 06:54:00] DB Copy: wp_usermeta as wpstg0_usermeta from 0 to 10000 records
[INFO]-[2020/01/04 06:54:00] DB Copy: Creating table wpstg0_usermeta
[INFO]-[2020/01/04 06:54:00] DB Copy: wp_usermeta as wpstg0_usermeta from 0 to 10000 records
[INFO]-[2020/01/04 06:54:00] DB Copy: Creating table wpstg0_users
[INFO]-[2020/01/04 06:54:00] DB Copy: wp_users as wpstg0_users from 0 to 10000 records
[INFO]-[2020/01/04 06:54:00] DB Copy: Creating table wpstg0_users
[INFO]-[2020/01/04 06:54:00] DB Copy: wp_users as wpstg0_users from 0 to 10000 records
[]-[] 
[]-[] 
[]-[] 
[]-[] 
[INFO]-[2020/01/04 06:54:02] DB Search & Replace:  Table wpstg0_comments 0 to 5000 records
[INFO]-[2020/01/04 06:54:02] DB Search & Replace:  Table wpstg0_comments 0 to 5000 records
[]-[] 
[]-[] 
[INFO]-[2020/01/04 06:54:03] DB Search & Replace:  Table wpstg0_options 0 to 5000 records
[INFO]-[2020/01/04 06:54:03] DB Search & Replace:  Table wpstg0_options 0 to 5000 records
[INFO]-[2020/01/04 06:54:03] DB Search & Replace:  Table wpstg0_ph_members 0 to 5000 records
[INFO]-[2020/01/04 06:54:03] DB Search & Replace:  Table wpstg0_ph_members 0 to 5000 records
[]-[] 
[]-[] 
[INFO]-[2020/01/04 06:54:04] DB Search & Replace:  Table wpstg0_postmeta 0 to 5000 records
[INFO]-[2020/01/04 06:54:04] DB Search & Replace:  Table wpstg0_postmeta 0 to 5000 records
[INFO]-[2020/01/04 06:54:05] DB Search & Replace:  Table wpstg0_posts 0 to 5000 records
[INFO]-[2020/01/04 06:54:05] DB Search & Replace:  Table wpstg0_posts 0 to 5000 records
[INFO]-[2020/01/04 06:54:06] DB Search & Replace:  Table wpstg0_sm_sessions 0 to 5000 records
[INFO]-[2020/01/04 06:54:06] DB Search & Replace:  Table wpstg0_sm_sessions 0 to 5000 records
[INFO]-[2020/01/04 06:54:06] DB Search & Replace:  Table wpstg0_term_relationships 0 to 5000 records
[INFO]-[2020/01/04 06:54:06] DB Search & Replace:  Table wpstg0_term_relationships 0 to 5000 records
[INFO]-[2020/01/04 06:54:07] DB Search & Replace:  Table wpstg0_term_taxonomy 0 to 5000 records
[INFO]-[2020/01/04 06:54:07] DB Search & Replace:  Table wpstg0_term_taxonomy 0 to 5000 records
[]-[] 
[]-[] 
[INFO]-[2020/01/04 06:54:08] DB Search & Replace:  Table wpstg0_terms 0 to 5000 records
[INFO]-[2020/01/04 06:54:08] DB Search & Replace:  Table wpstg0_terms 0 to 5000 records
[INFO]-[2020/01/04 06:54:08] DB Search & Replace:  Table wpstg0_usermeta 0 to 5000 records
[INFO]-[2020/01/04 06:54:08] DB Search & Replace:  Table wpstg0_usermeta 0 to 5000 records
[INFO]-[2020/01/04 06:54:09] DB Search & Replace:  Table wpstg0_users 0 to 5000 records
[INFO]-[2020/01/04 06:54:09] DB Search & Replace:  Table wpstg0_users 0 to 5000 records
[]-[] 
[]-[] 
[INFO]-[2020/01/04 06:54:10] Scanning / for files
[INFO]-[2020/01/04 06:54:10] Scanning / for files
[INFO]-[2020/01/04 06:54:11] Scanning wp-content folder /srv/bindings/f1ac744dd7c24c4b8ea489740751983e/code/wp-content
[INFO]-[2020/01/04 06:54:11] Scanning wp-content folder /srv/bindings/f1ac744dd7c24c4b8ea489740751983e/code/wp-content
[INFO]-[2020/01/04 06:54:14] Scanning /wp-includes for its sub-directories and files
[INFO]-[2020/01/04 06:54:14] Scanning /wp-includes for its sub-directories and files
[INFO]-[2020/01/04 06:54:15] Scanning /wp-admin for its sub-directories and files
[INFO]-[2020/01/04 06:54:15] Scanning /wp-admin for its sub-directories and files
[INFO]-[2020/01/04 06:54:16] Copying files...
[INFO]-[2020/01/04 06:54:17] Total 50 files processed
[INFO]-[2020/01/04 06:54:16] Copying files...
[INFO]-[2020/01/04 06:54:17] Total 50 files processed
[INFO]-[2020/01/04 06:54:19] Total 100 files processed
[INFO]-[2020/01/04 06:54:19] Total 100 files processed
[INFO]-[2020/01/04 06:54:20] Total 150 files processed
[INFO]-[2020/01/04 06:54:20] Total 150 files processed
[INFO]-[2020/01/04 06:54:22] Total 200 files processed
[INFO]-[2020/01/04 06:54:22] Total 200 files processed
[INFO]-[2020/01/04 06:54:24] Total 250 files processed
[INFO]-[2020/01/04 06:54:24] Total 250 files processed
[INFO]-[2020/01/04 06:54:25] Total 300 files processed
[INFO]-[2020/01/04 06:54:25] Total 300 files processed
[INFO]-[2020/01/04 06:54:26] Total 350 files processed
[INFO]-[2020/01/04 06:54:26] Total 350 files processed
[INFO]-[2020/01/04 06:54:27] Total 400 files processed
[INFO]-[2020/01/04 06:54:27] Total 400 files processed
[INFO]-[2020/01/04 06:54:27] Total 450 files processed
[INFO]-[2020/01/04 06:54:27] Total 450 files processed
[INFO]-[2020/01/04 06:54:28] Total 500 files processed
[INFO]-[2020/01/04 06:54:28] Total 500 files processed
[INFO]-[2020/01/04 06:54:28] Total 550 files processed
[INFO]-[2020/01/04 06:54:28] Total 550 files processed
[INFO]-[2020/01/04 06:54:29] Total 600 files processed
[INFO]-[2020/01/04 06:54:29] Total 600 files processed
[INFO]-[2020/01/04 06:54:29] Total 650 files processed
[INFO]-[2020/01/04 06:54:29] Total 650 files processed
[INFO]-[2020/01/04 06:54:30] Total 700 files processed
[INFO]-[2020/01/04 06:54:30] Total 700 files processed
[INFO]-[2020/01/04 06:54:30] Total 750 files processed
[INFO]-[2020/01/04 06:54:30] Total 750 files processed
[INFO]-[2020/01/04 06:54:31] Total 800 files processed
[INFO]-[2020/01/04 06:54:31] Total 800 files processed
[INFO]-[2020/01/04 06:54:32] Total 850 files processed
[INFO]-[2020/01/04 06:54:32] Total 850 files processed
[INFO]-[2020/01/04 06:54:32] Total 900 files processed
[INFO]-[2020/01/04 06:54:32] Total 900 files processed
[INFO]-[2020/01/04 06:54:33] Total 950 files processed
[INFO]-[2020/01/04 06:54:33] Total 950 files processed
[INFO]-[2020/01/04 06:54:33] Total 1000 files processed
[INFO]-[2020/01/04 06:54:33] Total 1000 files processed
[INFO]-[2020/01/04 06:54:34] Total 1050 files processed
[INFO]-[2020/01/04 06:54:34] Total 1050 files processed
[INFO]-[2020/01/04 06:54:34] Total 1100 files processed
[INFO]-[2020/01/04 06:54:34] Total 1100 files processed
[INFO]-[2020/01/04 06:54:35] Total 1150 files processed
[INFO]-[2020/01/04 06:54:35] Total 1150 files processed
[INFO]-[2020/01/04 06:54:36] Total 1200 files processed
[INFO]-[2020/01/04 06:54:36] Total 1200 files processed
[INFO]-[2020/01/04 06:54:36] Total 1250 files processed
[INFO]-[2020/01/04 06:54:36] Total 1250 files processed
[INFO]-[2020/01/04 06:54:37] Total 1300 files processed
[INFO]-[2020/01/04 06:54:37] Total 1300 files processed
[INFO]-[2020/01/04 06:54:37] Total 1350 files processed
[INFO]-[2020/01/04 06:54:37] Total 1350 files processed
[INFO]-[2020/01/04 06:54:38] Total 1400 files processed
[INFO]-[2020/01/04 06:54:38] Total 1400 files processed
[INFO]-[2020/01/04 06:54:38] Total 1450 files processed
[INFO]-[2020/01/04 06:54:38] Total 1450 files processed
[INFO]-[2020/01/04 06:54:39] Total 1500 files processed
[INFO]-[2020/01/04 06:54:39] Total 1500 files processed
[INFO]-[2020/01/04 06:54:39] Total 1550 files processed
[INFO]-[2020/01/04 06:54:39] Total 1550 files processed
[INFO]-[2020/01/04 06:54:40] Total 1600 files processed
[INFO]-[2020/01/04 06:54:40] Total 1600 files processed
[INFO]-[2020/01/04 06:54:41] Total 1650 files processed
[INFO]-[2020/01/04 06:54:41] Total 1650 files processed
[INFO]-[2020/01/04 06:54:41] Total 1700 files processed
[INFO]-[2020/01/04 06:54:41] Total 1700 files processed
[INFO]-[2020/01/04 06:54:42] Total 1750 files processed
[INFO]-[2020/01/04 06:54:42] Total 1750 files processed
[INFO]-[2020/01/04 06:54:42] Total 1800 files processed
[INFO]-[2020/01/04 06:54:42] Total 1800 files processed
[INFO]-[2020/01/04 06:54:43] Total 1850 files processed
[INFO]-[2020/01/04 06:54:43] Total 1850 files processed
[INFO]-[2020/01/04 06:54:43] Total 1900 files processed
[INFO]-[2020/01/04 06:54:43] Total 1900 files processed
[INFO]-[2020/01/04 06:54:44] Total 1950 files processed
[INFO]-[2020/01/04 06:54:44] Total 1950 files processed
[INFO]-[2020/01/04 06:54:45] Total 2000 files processed
[INFO]-[2020/01/04 06:54:45] Total 2000 files processed
[INFO]-[2020/01/04 06:54:45] Total 2050 files processed
[INFO]-[2020/01/04 06:54:45] Total 2050 files processed
[INFO]-[2020/01/04 06:54:46] Total 2100 files processed
[INFO]-[2020/01/04 06:54:46] Total 2100 files processed
[INFO]-[2020/01/04 06:54:46] Total 2150 files processed
[INFO]-[2020/01/04 06:54:46] Total 2150 files processed
[INFO]-[2020/01/04 06:54:47] Trying to copy big file: /srv/bindings/f1ac744dd7c24c4b8ea489740751983e/code/wp-content/plugins/project-huddle/assets/js/dist/project-huddle.admin.js -> /srv/bindings/f1ac744dd7c24c4b8ea489740751983e/code/1578120831968/wp-content/plugins/project-huddle/assets/js/dist/project-huddle.admin.js
[INFO]-[2020/01/04 06:54:47] Trying to copy big file: /srv/bindings/f1ac744dd7c24c4b8ea489740751983e/code/wp-content/plugins/project-huddle/assets/js/dist/project-huddle-dashboard.js -> /srv/bindings/f1ac744dd7c24c4b8ea489740751983e/code/1578120831968/wp-content/plugins/project-huddle/assets/js/dist/project-huddle-dashboard.js
[INFO]-[2020/01/04 06:54:47] Trying to copy big file: /srv/bindings/f1ac744dd7c24c4b8ea489740751983e/code/wp-content/plugins/project-huddle/assets/js/dist/project-huddle-shortcodes.js -> /srv/bindings/f1ac744dd7c24c4b8ea489740751983e/code/1578120831968/wp-content/plugins/project-huddle/assets/js/dist/project-huddle-shortcodes.js
[INFO]-[2020/01/04 06:54:47] Trying to copy big file: /srv/bindings/f1ac744dd7c24c4b8ea489740751983e/code/wp-content/plugins/project-huddle/assets/js/dist/ph-website-comments-admin.js -> /srv/bindings/f1ac744dd7c24c4b8ea489740751983e/code/1578120831968/wp-content/plugins/project-huddle/assets/js/dist/ph-website-comments-admin.js
[INFO]-[2020/01/04 06:54:47] Total 2200 files processed
[INFO]-[2020/01/04 06:54:47] Trying to copy big file: /srv/bindings/f1ac744dd7c24c4b8ea489740751983e/code/wp-content/plugins/project-huddle/assets/js/dist/project-huddle.admin.js -> /srv/bindings/f1ac744dd7c24c4b8ea489740751983e/code/1578120831968/wp-content/plugins/project-huddle/assets/js/dist/project-huddle.admin.js
[INFO]-[2020/01/04 06:54:47] Trying to copy big file: /srv/bindings/f1ac744dd7c24c4b8ea489740751983e/code/wp-content/plugins/project-huddle/assets/js/dist/project-huddle-dashboard.js -> /srv/bindings/f1ac744dd7c24c4b8ea489740751983e/code/1578120831968/wp-content/plugins/project-huddle/assets/js/dist/project-huddle-dashboard.js
[INFO]-[2020/01/04 06:54:47] Trying to copy big file: /srv/bindings/f1ac744dd7c24c4b8ea489740751983e/code/wp-content/plugins/project-huddle/assets/js/dist/project-huddle-shortcodes.js -> /srv/bindings/f1ac744dd7c24c4b8ea489740751983e/code/1578120831968/wp-content/plugins/project-huddle/assets/js/dist/project-huddle-shortcodes.js
[INFO]-[2020/01/04 06:54:47] Trying to copy big file: /srv/bindings/f1ac744dd7c24c4b8ea489740751983e/code/wp-content/plugins/project-huddle/assets/js/dist/ph-website-comments-admin.js -> /srv/bindings/f1ac744dd7c24c4b8ea489740751983e/code/1578120831968/wp-content/plugins/project-huddle/assets/js/dist/ph-website-comments-admin.js
[INFO]-[2020/01/04 06:54:47] Total 2200 files processed
[INFO]-[2020/01/04 06:54:47] Total 2250 files processed
[INFO]-[2020/01/04 06:54:47] Total 2250 files processed
[INFO]-[2020/01/04 06:54:48] Total 2300 files processed
[INFO]-[2020/01/04 06:54:48] Total 2300 files processed
[INFO]-[2020/01/04 06:54:49] Total 2350 files processed
[INFO]-[2020/01/04 06:54:49] Total 2350 files processed
[INFO]-[2020/01/04 06:54:49] Total 2400 files processed
[INFO]-[2020/01/04 06:54:49] Total 2400 files processed
[INFO]-[2020/01/04 06:54:50] Total 2450 files processed
[INFO]-[2020/01/04 06:54:50] Total 2450 files processed
[INFO]-[2020/01/04 06:54:50] Total 2500 files processed
[INFO]-[2020/01/04 06:54:50] Total 2500 files processed
[INFO]-[2020/01/04 06:54:51] Total 2550 files processed
[INFO]-[2020/01/04 06:54:51] Total 2550 files processed
[INFO]-[2020/01/04 06:54:51] Total 2600 files processed
[INFO]-[2020/01/04 06:54:51] Total 2600 files processed
[INFO]-[2020/01/04 06:54:52] Total 2650 files processed
[INFO]-[2020/01/04 06:54:52] Total 2650 files processed
[INFO]-[2020/01/04 06:54:53] Total 2700 files processed
[INFO]-[2020/01/04 06:54:53] Total 2700 files processed
[INFO]-[2020/01/04 06:54:53] Total 2750 files processed
[INFO]-[2020/01/04 06:54:53] Total 2750 files processed
[INFO]-[2020/01/04 06:54:54] Total 2800 files processed
[INFO]-[2020/01/04 06:54:54] Total 2800 files processed
[INFO]-[2020/01/04 06:54:54] Total 2850 files processed
[INFO]-[2020/01/04 06:54:54] Total 2850 files processed
[INFO]-[2020/01/04 06:54:55] Total 2900 files processed
[INFO]-[2020/01/04 06:54:55] Total 2900 files processed
[INFO]-[2020/01/04 06:54:55] Total 2950 files processed
[INFO]-[2020/01/04 06:54:55] Total 2950 files processed
[INFO]-[2020/01/04 06:54:56] Total 3000 files processed
[INFO]-[2020/01/04 06:54:56] Total 3000 files processed
[INFO]-[2020/01/04 06:54:56] Total 3050 files processed
[INFO]-[2020/01/04 06:54:56] Total 3050 files processed
[INFO]-[2020/01/04 06:54:57] Total 3100 files processed
[INFO]-[2020/01/04 06:54:57] Total 3100 files processed
[INFO]-[2020/01/04 06:54:57] Total 3150 files processed
[INFO]-[2020/01/04 06:54:57] Total 3150 files processed
[INFO]-[2020/01/04 06:54:58] Total 3200 files processed
[INFO]-[2020/01/04 06:54:58] Total 3200 files processed
[INFO]-[2020/01/04 06:54:59] Total 3250 files processed
[INFO]-[2020/01/04 06:54:59] Total 3250 files processed
[INFO]-[2020/01/04 06:54:59] Total 3300 files processed
[INFO]-[2020/01/04 06:54:59] Total 3300 files processed
[INFO]-[2020/01/04 06:55:00] Total 3350 files processed
[INFO]-[2020/01/04 06:55:00] Total 3350 files processed
[INFO]-[2020/01/04 06:55:00] Total 3400 files processed
[INFO]-[2020/01/04 06:55:00] Total 3400 files processed
[INFO]-[2020/01/04 06:55:01] Total 3450 files processed
[INFO]-[2020/01/04 06:55:01] Total 3450 files processed
[INFO]-[2020/01/04 06:55:01] Total 3500 files processed
[INFO]-[2020/01/04 06:55:01] Total 3500 files processed
[INFO]-[2020/01/04 06:55:02] Total 3550 files processed
[INFO]-[2020/01/04 06:55:02] Total 3550 files processed
[INFO]-[2020/01/04 06:55:03] Total 3600 files processed
[INFO]-[2020/01/04 06:55:03] Total 3600 files processed
[INFO]-[2020/01/04 06:55:03] Total 3650 files processed
[INFO]-[2020/01/04 06:55:03] Total 3650 files processed
[INFO]-[2020/01/04 06:55:04] Total 3700 files processed
[INFO]-[2020/01/04 06:55:04] Total 3700 files processed
[INFO]-[2020/01/04 06:55:04] Total 3750 files processed
[INFO]-[2020/01/04 06:55:04] Total 3750 files processed
[INFO]-[2020/01/04 06:55:05] Total 3800 files processed
[INFO]-[2020/01/04 06:55:05] Total 3800 files processed
[INFO]-[2020/01/04 06:55:05] Total 3850 files processed
[INFO]-[2020/01/04 06:55:05] Total 3850 files processed
[INFO]-[2020/01/04 06:55:06] Total 3900 files processed
[INFO]-[2020/01/04 06:55:06] Total 3900 files processed
[INFO]-[2020/01/04 06:55:07] Total 3950 files processed
[INFO]-[2020/01/04 06:55:07] Total 3950 files processed
[INFO]-[2020/01/04 06:55:07] Total 4000 files processed
[INFO]-[2020/01/04 06:55:07] Total 4000 files processed
[INFO]-[2020/01/04 06:55:08] Total 4050 files processed
[INFO]-[2020/01/04 06:55:08] Total 4050 files processed
[INFO]-[2020/01/04 06:55:09] Total 4100 files processed
[INFO]-[2020/01/04 06:55:09] Total 4100 files processed
[INFO]-[2020/01/04 06:55:09] Total 4150 files processed
[INFO]-[2020/01/04 06:55:09] Total 4150 files processed
[INFO]-[2020/01/04 06:55:10] Total 4200 files processed
[INFO]-[2020/01/04 06:55:10] Total 4200 files processed
[INFO]-[2020/01/04 06:55:11] Total 4250 files processed
[INFO]-[2020/01/04 06:55:11] Total 4250 files processed
[INFO]-[2020/01/04 06:55:11] Total 4300 files processed
[INFO]-[2020/01/04 06:55:11] Total 4300 files processed
[INFO]-[2020/01/04 06:55:12] Total 4350 files processed
[INFO]-[2020/01/04 06:55:12] Total 4350 files processed
[INFO]-[2020/01/04 06:55:12] Total 4400 files processed
[INFO]-[2020/01/04 06:55:12] Total 4400 files processed
[WARNING]-[2020/01/04 06:55:13] File doesn't exist /srv/bindings/f1ac744dd7c24c4b8ea489740751983e/code/
[WARNING]-[2020/01/04 06:55:13] File doesn't exist /srv/bindings/f1ac744dd7c24c4b8ea489740751983e/code/
[INFO]-[2020/01/04 06:55:13] Copying files finished
[INFO]-[2020/01/04 06:55:13] Copying files finished
[INFO]-[2020/01/04 06:55:14] Preparing Data Step0: Copy wp-config.php file
[INFO]-[2020/01/04 06:55:14] Preparing Data Step0: Copy wp-config.php file
[INFO]-[2020/01/04 06:55:15] Preparing Data Step1: Updating siteurl and homeurl in wpstg0_options 
[INFO]-[2020/01/04 06:55:15] Preparing Data Step1: Updating siteurl and homeurl to https://dev-sitepress.pantheonsite.io/1578120831968
[INFO]-[2020/01/04 06:55:15] Preparing Data Step1: Updating siteurl and homeurl in wpstg0_options 
[INFO]-[2020/01/04 06:55:15] Preparing Data Step1: Updating siteurl and homeurl to https://dev-sitepress.pantheonsite.io/1578120831968
[INFO]-[2020/01/04 06:55:15] Preparing Data Step2: Updating row wpstg_is_staging_site in wpstg0_options 
[INFO]-[2020/01/04 06:55:15] Preparing Data Step2: Successful
[INFO]-[2020/01/04 06:55:15] Preparing Data Step2: Updating row wpstg_is_staging_site in wpstg0_options 
[INFO]-[2020/01/04 06:55:15] Preparing Data Step2: Successful
[INFO]-[2020/01/04 06:55:16] Preparing Data Step3: Updating rewrite_rules in wpstg0_options 
[INFO]-[2020/01/04 06:55:16] Preparing Data Step3: Updating rewrite_rules in wpstg0_options 
[INFO]-[2020/01/04 06:55:16] Preparing Data Step4: Updating db prefix in wpstg0_usermeta. 
[INFO]-[2020/01/04 06:55:16] Preparing Data Step4: Updating db prefix in wpstg0_usermeta. 
[INFO]-[2020/01/04 06:55:17] Preparing Data Step5: Updating table_prefix in /srv/bindings/f1ac744dd7c24c4b8ea489740751983e/code/1578120831968/wp-config.php to wpstg0_
[INFO]-[2020/01/04 06:55:17] Preparing Data Step5: Updating table_prefix in /srv/bindings/f1ac744dd7c24c4b8ea489740751983e/code/1578120831968/wp-config.php to wpstg0_
[]-[] 
[]-[] 
[INFO]-[2020/01/04 06:55:18] Preparing Data Step7: Updating wpstg_rmpermalinks_executed in wpstg0_options 
[INFO]-[2020/01/04 06:55:18] Preparing Data Step7: Finished successfully
[INFO]-[2020/01/04 06:55:18] Preparing Data Step7: Updating wpstg_rmpermalinks_executed in wpstg0_options 
[INFO]-[2020/01/04 06:55:18] Preparing Data Step7: Finished successfully
[INFO]-[2020/01/04 06:55:18] Preparing Data Step8: Updating permalink_structure in wpstg0_options 
[INFO]-[2020/01/04 06:55:18] Preparing Data Step8: Finished successfully
[INFO]-[2020/01/04 06:55:18] Preparing Data Step8: Updating permalink_structure in wpstg0_options 
[INFO]-[2020/01/04 06:55:18] Preparing Data Step8: Finished successfully
[INFO]-[2020/01/04 06:55:19] Preparing Data Step9: Set staging site to noindex
[INFO]-[2020/01/04 06:55:19] Preparing Data Step9: Finished successfully
[INFO]-[2020/01/04 06:55:19] Preparing Data Step9: Set staging site to noindex
[INFO]-[2020/01/04 06:55:19] Preparing Data Step9: Finished successfully
[INFO]-[2020/01/04 06:55:20] Preparing Data Step10: Updating WP_HOME in wp-config.php to https://dev-sitepress.pantheonsite.io/1578120831968
[INFO]-[2020/01/04 06:55:20] Preparing Data Step10: Finished successfully
[INFO]-[2020/01/04 06:55:20] Preparing Data Step10: Updating WP_HOME in wp-config.php to https://dev-sitepress.pantheonsite.io/1578120831968
[INFO]-[2020/01/04 06:55:20] Preparing Data Step10: Finished successfully
[INFO]-[2020/01/04 06:55:20] Preparing Data Step11: Updating WP_SITEURL in wp-config.php to https://dev-sitepress.pantheonsite.io/1578120831968
[INFO]-[2020/01/04 06:55:20] Preparing Data Step11: Finished successfully
[INFO]-[2020/01/04 06:55:20] Preparing Data Step11: Updating WP_SITEURL in wp-config.php to https://dev-sitepress.pantheonsite.io/1578120831968
[INFO]-[2020/01/04 06:55:20] Preparing Data Step11: Finished successfully
[INFO]-[2020/01/04 06:55:21] Preparing Data Step12: Updating db prefix in wpstg0_options.
[INFO]-[2020/01/04 06:55:21] Preparing Data Step12: Skip (custom filtered):   AND option_name <> 'wp_mail_smtp' AND option_name <> 'wp_mail_smtp_version' AND option_name <> 'wp_mail_smtp_debug'
[INFO]-[2020/01/04 06:55:21] Preparing Data Step12: Finished successfully
[INFO]-[2020/01/04 06:55:21] Preparing Data Step12: Updating db prefix in wpstg0_options.
[INFO]-[2020/01/04 06:55:21] Preparing Data Step12: Skip (custom filtered):   AND option_name <> 'wp_mail_smtp' AND option_name <> 'wp_mail_smtp_version' AND option_name <> 'wp_mail_smtp_debug'
[INFO]-[2020/01/04 06:55:21] Preparing Data Step12: Finished successfully
[INFO]-[2020/01/04 06:55:21] Preparing Data Step13: Updating upload_path wpstg0_options.
[INFO]-[2020/01/04 06:55:21] Preparing Data Step13: Skipped
[INFO]-[2020/01/04 06:55:21] Preparing Data Step13: Updating upload_path wpstg0_options.
[INFO]-[2020/01/04 06:55:21] Preparing Data Step13: Skipped
[INFO]-[2020/01/04 06:55:22] Preparing Data Step14: Set WP_CACHE in wp-config.php to false
[INFO]-[2020/01/04 06:55:22] Preparing Data Step14: WP_CACHE not defined in wp-config.php. Skipping this step.
[INFO]-[2020/01/04 06:55:22] Preparing Data Step14: Finished successfully
[INFO]-[2020/01/04 06:55:22] Preparing Data Step14: Set WP_CACHE in wp-config.php to false
[INFO]-[2020/01/04 06:55:22] Preparing Data Step14: WP_CACHE not defined in wp-config.php. Skipping this step.
[INFO]-[2020/01/04 06:55:22] Preparing Data Step14: Finished successfully
[INFO]-[2020/01/04 06:55:22] Preparing Data Step15: Set WP_CONTENT_DIR in wp-config.php to false
[INFO]-[2020/01/04 06:55:22] Preparing Data Step15: WP_CONTENT_DIR not defined in wp-config.php. Skipping this step.
[INFO]-[2020/01/04 06:55:22] Preparing Data Step15: Finished successfully
[INFO]-[2020/01/04 06:55:22] Preparing Data Step15: Set WP_CONTENT_DIR in wp-config.php to false
[INFO]-[2020/01/04 06:55:22] Preparing Data Step15: WP_CONTENT_DIR not defined in wp-config.php. Skipping this step.
[INFO]-[2020/01/04 06:55:22] Preparing Data Step15: Finished successfully
[INFO]-[2020/01/04 06:55:23] Preparing Data Step16: Set WP_CONTENT_URL in wp-config.php to false
[INFO]-[2020/01/04 06:55:23] Preparing Data Step16: WP_CONTENT_URL not defined in wp-config.php. Skipping this step.
[INFO]-[2020/01/04 06:55:23] Preparing Data Step16: Finished successfully
[INFO]-[2020/01/04 06:55:23] Preparing Data Step16: Set WP_CONTENT_URL in wp-config.php to false
[INFO]-[2020/01/04 06:55:23] Preparing Data Step16: WP_CONTENT_URL not defined in wp-config.php. Skipping this step.
[INFO]-[2020/01/04 06:55:23] Preparing Data Step16: Finished successfully
[INFO]-[2020/01/04 06:55:24] Preparing Data Step17: Update UPLOADS constant in wp-config.php
[INFO]-[2020/01/04 06:55:24] Preparing Data Step17: UPLOADS not defined in wp-config.php. Creating new entry.
[INFO]-[2020/01/04 06:55:24] Preparing Data Step17: Finished successfully
[INFO]-[2020/01/04 06:55:24] Preparing Data Step17: Update UPLOADS constant in wp-config.php
[INFO]-[2020/01/04 06:55:24] Preparing Data Step17: UPLOADS not defined in wp-config.php. Creating new entry.
[INFO]-[2020/01/04 06:55:24] Preparing Data Step17: Finished successfully
[]-[] 
[]-[] 
[]-[] 
[]-[] 
[]-[] 
[]-[] 
[INFO]-[2020/01/04 06:55:26] Finish: Deleting clone job's cache files...
[INFO]-[2020/01/04 06:55:26] Finish: Clone job's cache files have been deleted!
[INFO]-[2020/01/04 06:55:26] Finish: Verifying existing clones...
[INFO]-[2020/01/04 06:55:26] Finish: The job finished!
[INFO]-[2020/01/04 06:55:26] Finish: Deleting clone job's cache files...
[INFO]-[2020/01/04 06:55:26] Finish: Clone job's cache files have been deleted!
[INFO]-[2020/01/04 06:55:26] Finish: Verifying existing clones...
[INFO]-[2020/01/04 06:55:26] Finish: The job finished!
